Running: C:\Xilinx\14.6\ISE_DS\ISE\bin\nt64\unwrapped\fuse.exe -intstyle ise -incremental -lib unisims_ver -lib unimacro_ver -lib xilinxcorelib_ver -lib secureip -o C:/Users/152/Documents/CSM152A-Project4/Lab4/bossBattleTop_tb_isim_beh.exe -prj C:/Users/152/Documents/CSM152A-Project4/Lab4/bossBattleTop_tb_beh.prj work.bossBattleTop_tb work.glbl 
ISim P.68d (signature 0x7708f090)
Number of CPUs detected in this system: 2
Turning on mult-threading, number of parallel sub-compilation jobs: 4 
Determining compilation order of HDL files
Analyzing Verilog file "C:/Users/152/Documents/CSM152A-Project4/Lab4/vga640x480.v" into library work
Analyzing Verilog file "C:/Users/152/Documents/CSM152A-Project4/Lab4/sevenSegmentDisplayController.v" into library work
Analyzing Verilog file "C:/Users/152/Documents/CSM152A-Project4/Lab4/playerProjHandler.v" into library work
Analyzing Verilog file "C:/Users/152/Documents/CSM152A-Project4/Lab4/playerController.v" into library work
Analyzing Verilog file "C:/Users/152/Documents/CSM152A-Project4/Lab4/playerCollisionDetector.v" into library work
Analyzing Verilog file "C:/Users/152/Documents/CSM152A-Project4/Lab4/gameStateHandler.v" into library work
Analyzing Verilog file "C:/Users/152/Documents/CSM152A-Project4/Lab4/debouncer.v" into library work
Analyzing Verilog file "C:/Users/152/Documents/CSM152A-Project4/Lab4/clockPulser.v" into library work
Analyzing Verilog file "C:/Users/152/Documents/CSM152A-Project4/Lab4/ClockDivider.v" into library work
Analyzing Verilog file "C:/Users/152/Documents/CSM152A-Project4/Lab4/bossProjHandler.v" into library work
Analyzing Verilog file "C:/Users/152/Documents/CSM152A-Project4/Lab4/bossController.v" into library work
Analyzing Verilog file "C:/Users/152/Documents/CSM152A-Project4/Lab4/bossCollisionDetector.v" into library work
Analyzing Verilog file "C:/Users/152/Documents/CSM152A-Project4/Lab4/bossBattleTop.v" into library work
Analyzing Verilog file "C:/Users/152/Documents/CSM152A-Project4/Lab4/bossBattleTop_tb.v" into library work
Analyzing Verilog file "C:/Xilinx/14.6/ISE_DS/ISE//verilog/src/glbl.v" into library work
Starting static elaboration
Completed static elaboration
Compiling module clockDivider
Compiling module clockPulser
Compiling module debouncer
Compiling module bossController_default
Compiling module bossProjHandler
Compiling module playerController
Compiling module playerProjHandler
Compiling module playerCollisionDetector
Compiling module bossCollisionDetector
Compiling module sevenSegmentDisplayController
Compiling module gameStateHandler
Compiling module vga640x480
Compiling module bossBattleTop
Compiling module bossBattleTop_tb
Compiling module glbl
Time Resolution for simulation is 1ps.
Waiting for 9 sub-compilation(s) to finish...
Compiled 15 Verilog Units
Built simulation executable C:/Users/152/Documents/CSM152A-Project4/Lab4/bossBattleTop_tb_isim_beh.exe
Fuse Memory Usage: 36048 KB
Fuse CPU Usage: 811 ms
