ISim log file
Running: C:\Users\152\Documents\CSM152A-Project4\Lab4\bossBattleTop_tb_isim_beh.exe -intstyle ise -gui -tclbatch isim.cmd -wdb C:/Users/152/Documents/CSM152A-Project4/Lab4/bossBattleTop_tb_isim_beh.wdb 
ISim P.68d (signature 0x7708f090)
----------------------------------------------------------------------
WARNING:Security:42 - Your software subscription period has lapsed. Your current version of Xilinx tools will continue to function, but you no longer qualify for Xilinx software updates or new releases.


----------------------------------------------------------------------
This is a Full version of ISim.
Time resolution is 1 ps
# onerror resume
# wave add /
# run 1000 ns
Simulator is doing circuit initialization process.
Finished circuit initialization process.
# restart
# run 8s
Simulator is doing circuit initialization process.
Finished circuit initialization process.
Stopped at time : 4479499500 ps : File "C:/Users/152/Documents/CSM152A-Project4/Lab4/debouncer.v" Line 46
# restart
# run 8s
Simulator is doing circuit initialization process.
Finished circuit initialization process.
Stopped at time : 8166485 ns : File "C:/Users/152/Documents/CSM152A-Project4/Lab4/bossBattleTop_tb.v" Line 59
